This is pdfTeX, Version 3.141592653-2.6-1.40.24 (TeX Live 2022) (preloaded format=pdflatex 2022.6.12)  22 JUN 2022 13:22
entering extended mode
 restricted \write18 enabled.
 file:line:error style messages enabled.
 %&-line parsing enabled.
**d:/note/md/8-试卷/00-高考/2022/新高考Ⅰ/数学.tex
(d:/note/md/8-试卷/00-高考/2022/新高考Ⅰ/数学.tex
LaTeX2e <2021-11-15> patch level 1
L3 programming layer <2022-02-24> (d:/Texlive/2022/texmf-dist/tex/latex/base/article.cls
Document Class: article 2021/10/04 v1.4n Standard LaTeX document class
(d:/Texlive/2022/texmf-dist/tex/latex/base/size10.clo
File: size10.clo 2021/10/04 v1.4n Standard LaTeX file (size option)
)
\c@part=\count185
\c@section=\count186
\c@subsection=\count187
\c@subsubsection=\count188
\c@paragraph=\count189
\c@subparagraph=\count190
\c@figure=\count191
\c@table=\count192
\abovecaptionskip=\skip47
\belowcaptionskip=\skip48
\bibindent=\dimen138
) (d:/Texlive/2022/texmf-dist/tex/latex/amsmath/amsmath.sty
Package: amsmath 2021/10/15 v2.17l AMS math features
\@mathmargin=\skip49

For additional information on amsmath, use the `?' option.
(d:/Texlive/2022/texmf-dist/tex/latex/amsmath/amstext.sty
Package: amstext 2021/08/26 v2.01 AMS text
 (d:/Texlive/2022/texmf-dist/tex/latex/amsmath/amsgen.sty
File: amsgen.sty 1999/11/30 v2.0 generic functions
\@emptytoks=\toks16
\ex@=\dimen139
)) (d:/Texlive/2022/texmf-dist/tex/latex/amsmath/amsbsy.sty
Package: amsbsy 1999/11/29 v1.2d Bold Symbols
\pmbraise@=\dimen140
) (d:/Texlive/2022/texmf-dist/tex/latex/amsmath/amsopn.sty
Package: amsopn 2021/08/26 v2.02 operator names
)
\inf@bad=\count193
LaTeX Info: Redefining \frac on input line 234.
\uproot@=\count194
\leftroot@=\count195
LaTeX Info: Redefining \overline on input line 399.
\classnum@=\count196
\DOTSCASE@=\count197
LaTeX Info: Redefining \ldots on input line 496.
LaTeX Info: Redefining \dots on input line 499.
LaTeX Info: Redefining \cdots on input line 620.
\Mathstrutbox@=\box50
\strutbox@=\box51
\big@size=\dimen141
LaTeX Font Info:    Redeclaring font encoding OML on input line 743.
LaTeX Font Info:    Redeclaring font encoding OMS on input line 744.
\macc@depth=\count198
\c@MaxMatrixCols=\count199
\dotsspace@=\muskip16
\c@parentequation=\count266
\dspbrk@lvl=\count267
\tag@help=\toks17
\row@=\count268
\column@=\count269
\maxfields@=\count270
\andhelp@=\toks18
\eqnshift@=\dimen142
\alignsep@=\dimen143
\tagshift@=\dimen144
\tagwidth@=\dimen145
\totwidth@=\dimen146
\lineht@=\dimen147
\@envbody=\toks19
\multlinegap=\skip50
\multlinetaggap=\skip51
\mathdisplay@stack=\toks20
LaTeX Info: Redefining \[ on input line 2938.
LaTeX Info: Redefining \] on input line 2939.
) (d:/Texlive/2022/texmf-dist/tex/latex/amsfonts/amssymb.sty
Package: amssymb 2013/01/14 v3.01 AMS font symbols
 (d:/Texlive/2022/texmf-dist/tex/latex/amsfonts/amsfonts.sty
Package: amsfonts 2013/01/14 v3.01 Basic AMSFonts support
\symAMSa=\mathgroup4
\symAMSb=\mathgroup5
LaTeX Font Info:    Redeclaring math symbol \hbar on input line 98.
LaTeX Font Info:    Overwriting math alphabet `\mathfrak' in version `bold'
(Font)                  U/euf/m/n --> U/euf/b/n on input line 106.
)) (d:/Texlive/2022/texmf-dist/tex/latex/lm/lmodern.sty
Package: lmodern 2015/05/01 v1.6.1 Latin Modern Fonts
LaTeX Font Info:    Overwriting symbol font `operators' in version `normal'
(Font)                  OT1/cmr/m/n --> OT1/lmr/m/n on input line 22.
LaTeX Font Info:    Overwriting symbol font `letters' in version `normal'
(Font)                  OML/cmm/m/it --> OML/lmm/m/it on input line 23.
LaTeX Font Info:    Overwriting symbol font `symbols' in version `normal'
(Font)                  OMS/cmsy/m/n --> OMS/lmsy/m/n on input line 24.
LaTeX Font Info:    Overwriting symbol font `largesymbols' in version `normal'
(Font)                  OMX/cmex/m/n --> OMX/lmex/m/n on input line 25.
LaTeX Font Info:    Overwriting symbol font `operators' in version `bold'
(Font)                  OT1/cmr/bx/n --> OT1/lmr/bx/n on input line 26.
LaTeX Font Info:    Overwriting symbol font `letters' in version `bold'
(Font)                  OML/cmm/b/it --> OML/lmm/b/it on input line 27.
LaTeX Font Info:    Overwriting symbol font `symbols' in version `bold'
(Font)                  OMS/cmsy/b/n --> OMS/lmsy/b/n on input line 28.
LaTeX Font Info:    Overwriting symbol font `largesymbols' in version `bold'
(Font)                  OMX/cmex/m/n --> OMX/lmex/m/n on input line 29.
LaTeX Font Info:    Overwriting math alphabet `\mathbf' in version `normal'
(Font)                  OT1/cmr/bx/n --> OT1/lmr/bx/n on input line 31.
LaTeX Font Info:    Overwriting math alphabet `\mathsf' in version `normal'
(Font)                  OT1/cmss/m/n --> OT1/lmss/m/n on input line 32.
LaTeX Font Info:    Overwriting math alphabet `\mathit' in version `normal'
(Font)                  OT1/cmr/m/it --> OT1/lmr/m/it on input line 33.
LaTeX Font Info:    Overwriting math alphabet `\mathtt' in version `normal'
(Font)                  OT1/cmtt/m/n --> OT1/lmtt/m/n on input line 34.
LaTeX Font Info:    Overwriting math alphabet `\mathbf' in version `bold'
(Font)                  OT1/cmr/bx/n --> OT1/lmr/bx/n on input line 35.
LaTeX Font Info:    Overwriting math alphabet `\mathsf' in version `bold'
(Font)                  OT1/cmss/bx/n --> OT1/lmss/bx/n on input line 36.
LaTeX Font Info:    Overwriting math alphabet `\mathit' in version `bold'
(Font)                  OT1/cmr/bx/it --> OT1/lmr/bx/it on input line 37.
LaTeX Font Info:    Overwriting math alphabet `\mathtt' in version `bold'
(Font)                  OT1/cmtt/m/n --> OT1/lmtt/m/n on input line 38.
) (d:/Texlive/2022/texmf-dist/tex/generic/iftex/iftex.sty
Package: iftex 2022/02/03 v1.0f TeX engine tests
) (d:/Texlive/2022/texmf-dist/tex/latex/base/fontenc.sty
Package: fontenc 2021/04/29 v2.0v Standard LaTeX package
LaTeX Font Info:    Trying to load font information for T1+lmr on input line 112.
 (d:/Texlive/2022/texmf-dist/tex/latex/lm/t1lmr.fd
File: t1lmr.fd 2015/05/01 v1.6.1 Font defs for Latin Modern
)) (d:/Texlive/2022/texmf-dist/tex/latex/base/inputenc.sty
Package: inputenc 2021/02/14 v1.3d Input encoding file
\inpenc@prehook=\toks21
\inpenc@posthook=\toks22
) (d:/Texlive/2022/texmf-dist/tex/latex/base/textcomp.sty
Package: textcomp 2020/02/02 v2.0n Standard LaTeX package
) (d:/Texlive/2022/texmf-dist/tex/latex/upquote/upquote.sty
Package: upquote 2012/04/19 v1.3 upright-quote and grave-accent glyphs in verbatim
) (d:/Texlive/2022/texmf-dist/tex/latex/microtype/microtype.sty
Package: microtype 2022/03/14 v3.0d Micro-typographical refinements (RS)
 (d:/Texlive/2022/texmf-dist/tex/latex/graphics/keyval.sty
Package: keyval 2014/10/28 v1.15 key=value parser (DPC)
\KV@toks@=\toks23
) (d:/Texlive/2022/texmf-dist/tex/latex/etoolbox/etoolbox.sty
Package: etoolbox 2020/10/05 v2.5k e-TeX tools for LaTeX (JAW)
\etb@tempcnta=\count271
)
\MT@toks=\toks24
\MT@tempbox=\box52
\MT@count=\count272
LaTeX Info: Redefining \noprotrusionifhmode on input line 1027.
LaTeX Info: Redefining \leftprotrusion on input line 1028.
LaTeX Info: Redefining \rightprotrusion on input line 1036.
LaTeX Info: Redefining \textls on input line 1195.
\MT@outer@kern=\dimen148
LaTeX Info: Redefining \textmicrotypecontext on input line 1781.
\MT@listname@count=\count273
 (d:/Texlive/2022/texmf-dist/tex/latex/microtype/microtype-pdftex.def
File: microtype-pdftex.def 2022/03/14 v3.0d Definitions specific to pdftex (RS)
LaTeX Info: Redefining \lsstyle on input line 900.
LaTeX Info: Redefining \lslig on input line 900.
\MT@outer@space=\skip52
)
Package microtype Info: Loading configuration file microtype.cfg.
 (d:/Texlive/2022/texmf-dist/tex/latex/microtype/microtype.cfg
File: microtype.cfg 2022/03/14 v3.0d microtype main configuration file (RS)
)) (d:/Texlive/2022/texmf-dist/tex/latex/parskip/parskip.sty
Package: parskip 2021-03-14 v2.0h non-zero parskip adjustments
 (d:/Texlive/2022/texmf-dist/tex/latex/kvoptions/kvoptions.sty
Package: kvoptions 2020-10-07 v3.14 Key value format for package options (HO)
 (d:/Texlive/2022/texmf-dist/tex/generic/ltxcmds/ltxcmds.sty
Package: ltxcmds 2020-05-10 v1.25 LaTeX kernel commands for general use (HO)
) (d:/Texlive/2022/texmf-dist/tex/generic/kvsetkeys/kvsetkeys.sty
Package: kvsetkeys 2019/12/15 v1.18 Key value parser (HO)
))) (d:/Texlive/2022/texmf-dist/tex/latex/xcolor/xcolor.sty
Package: xcolor 2021/10/31 v2.13 LaTeX color extensions (UK)
 (d:/Texlive/2022/texmf-dist/tex/latex/graphics-cfg/color.cfg
File: color.cfg 2016/01/02 v1.6 sample color configuration
)
Package xcolor Info: Driver file: pdftex.def on input line 227.
 (d:/Texlive/2022/texmf-dist/tex/latex/graphics-def/pdftex.def
File: pdftex.def 2020/10/05 v1.2a Graphics/color driver for pdftex
)
Package xcolor Info: Model `cmy' substituted by `cmy0' on input line 1352.
Package xcolor Info: Model `hsb' substituted by `rgb' on input line 1356.
Package xcolor Info: Model `RGB' extended on input line 1368.
Package xcolor Info: Model `HTML' substituted by `rgb' on input line 1370.
Package xcolor Info: Model `Hsb' substituted by `hsb' on input line 1371.
Package xcolor Info: Model `tHsb' substituted by `hsb' on input line 1372.
Package xcolor Info: Model `HSB' substituted by `hsb' on input line 1373.
Package xcolor Info: Model `Gray' substituted by `gray' on input line 1374.
Package xcolor Info: Model `wave' substituted by `hsb' on input line 1375.
) (d:/Texlive/2022/texmf-dist/tex/latex/xurl/xurl.sty
Package: xurl 2022/01/09 v 0.10 modify URL breaks
 (d:/Texlive/2022/texmf-dist/tex/latex/url/url.sty
\Urlmuskip=\muskip17
Package: url 2013/09/16  ver 3.4  Verb mode for urls, etc.
)) (d:/Texlive/2022/texmf-dist/tex/latex/bookmark/bookmark.sty
Package: bookmark 2020-11-06 v1.29 PDF bookmarks (HO)
 (d:/Texlive/2022/texmf-dist/tex/latex/hyperref/hyperref.sty
Package: hyperref 2022-02-21 v7.00n Hypertext links for LaTeX
 (d:/Texlive/2022/texmf-dist/tex/generic/pdftexcmds/pdftexcmds.sty
Package: pdftexcmds 2020-06-27 v0.33 Utility functions of pdfTeX for LuaTeX (HO)
 (d:/Texlive/2022/texmf-dist/tex/generic/infwarerr/infwarerr.sty
Package: infwarerr 2019/12/03 v1.5 Providing info/warning/error messages (HO)
)
Package pdftexcmds Info: \pdf@primitive is available.
Package pdftexcmds Info: \pdf@ifprimitive is available.
Package pdftexcmds Info: \pdfdraftmode found.
) (d:/Texlive/2022/texmf-dist/tex/generic/kvdefinekeys/kvdefinekeys.sty
Package: kvdefinekeys 2019-12-19 v1.6 Define keys (HO)
) (d:/Texlive/2022/texmf-dist/tex/generic/pdfescape/pdfescape.sty
Package: pdfescape 2019/12/09 v1.15 Implements pdfTeX's escape features (HO)
) (d:/Texlive/2022/texmf-dist/tex/latex/hycolor/hycolor.sty
Package: hycolor 2020-01-27 v1.10 Color options for hyperref/bookmark (HO)
) (d:/Texlive/2022/texmf-dist/tex/latex/letltxmacro/letltxmacro.sty
Package: letltxmacro 2019/12/03 v1.6 Let assignment for LaTeX macros (HO)
) (d:/Texlive/2022/texmf-dist/tex/latex/auxhook/auxhook.sty
Package: auxhook 2019-12-17 v1.6 Hooks for auxiliary files (HO)
)
\@linkdim=\dimen149
\Hy@linkcounter=\count274
\Hy@pagecounter=\count275
 (d:/Texlive/2022/texmf-dist/tex/latex/hyperref/pd1enc.def
File: pd1enc.def 2022-02-21 v7.00n Hyperref: PDFDocEncoding definition (HO)
Now handling font encoding PD1 ...
... no UTF-8 mapping file for font encoding PD1
) (d:/Texlive/2022/texmf-dist/tex/generic/intcalc/intcalc.sty
Package: intcalc 2019/12/15 v1.3 Expandable calculations with integers (HO)
) (d:/Texlive/2022/texmf-dist/tex/generic/etexcmds/etexcmds.sty
Package: etexcmds 2019/12/15 v1.7 Avoid name clashes with e-TeX commands (HO)
)
\Hy@SavedSpaceFactor=\count276
 (d:/Texlive/2022/texmf-dist/tex/latex/hyperref/puenc.def
File: puenc.def 2022-02-21 v7.00n Hyperref: PDF Unicode definition (HO)
Now handling font encoding PU ...
... no UTF-8 mapping file for font encoding PU
)
Package hyperref Info: Option `unicode' set `true' on input line 4018.
Package hyperref Info: Hyper figures OFF on input line 4137.
Package hyperref Info: Link nesting OFF on input line 4142.
Package hyperref Info: Hyper index ON on input line 4145.
Package hyperref Info: Plain pages OFF on input line 4152.
Package hyperref Info: Backreferencing OFF on input line 4157.
Package hyperref Info: Implicit mode ON; LaTeX internals redefined.
Package hyperref Info: Bookmarks ON on input line 4390.
\c@Hy@tempcnt=\count277
LaTeX Info: Redefining \url on input line 4749.
\XeTeXLinkMargin=\dimen150
 (d:/Texlive/2022/texmf-dist/tex/generic/bitset/bitset.sty
Package: bitset 2019/12/09 v1.3 Handle bit-vector datatype (HO)
 (d:/Texlive/2022/texmf-dist/tex/generic/bigintcalc/bigintcalc.sty
Package: bigintcalc 2019/12/15 v1.5 Expandable calculations on big integers (HO)
))
\Fld@menulength=\count278
\Field@Width=\dimen151
\Fld@charsize=\dimen152
Package hyperref Info: Hyper figures OFF on input line 6027.
Package hyperref Info: Link nesting OFF on input line 6032.
Package hyperref Info: Hyper index ON on input line 6035.
Package hyperref Info: backreferencing OFF on input line 6042.
Package hyperref Info: Link coloring OFF on input line 6047.
Package hyperref Info: Link coloring with OCG OFF on input line 6052.
Package hyperref Info: PDF/A mode OFF on input line 6057.
LaTeX Info: Redefining \ref on input line 6097.
LaTeX Info: Redefining \pageref on input line 6101.
 (d:/Texlive/2022/texmf-dist/tex/latex/base/atbegshi-ltx.sty
Package: atbegshi-ltx 2021/01/10 v1.0c Emulation of the original atbegshi
package with kernel methods
)
\Hy@abspage=\count279
\c@Item=\count280
\c@Hfootnote=\count281
)
Package hyperref Info: Driver (autodetected): hpdftex.
 (d:/Texlive/2022/texmf-dist/tex/latex/hyperref/hpdftex.def
File: hpdftex.def 2022-02-21 v7.00n Hyperref driver for pdfTeX
 (d:/Texlive/2022/texmf-dist/tex/latex/base/atveryend-ltx.sty
Package: atveryend-ltx 2020/08/19 v1.0a Emulation of the original atveryend package
with kernel methods
)
\Fld@listcount=\count282
\c@bookmark@seq@number=\count283
 (d:/Texlive/2022/texmf-dist/tex/latex/rerunfilecheck/rerunfilecheck.sty
Package: rerunfilecheck 2019/12/05 v1.9 Rerun checks for auxiliary files (HO)
 (d:/Texlive/2022/texmf-dist/tex/generic/uniquecounter/uniquecounter.sty
Package: uniquecounter 2019/12/15 v1.4 Provide unlimited unique counter (HO)
)
Package uniquecounter Info: New unique counter `rerunfilecheck' on input line 286.
)
\Hy@SectionHShift=\skip53
) (d:/Texlive/2022/texmf-dist/tex/latex/bookmark/bkm-pdftex.def
File: bkm-pdftex.def 2020-11-06 v1.29 bookmark driver for pdfTeX (HO)
\BKM@id=\count284
)) (d:/Texlive/2022/texmf-dist/tex/latex/tools/longtable.sty
Package: longtable 2021-09-01 v4.17 Multi-page Table package (DPC)
\LTleft=\skip54
\LTright=\skip55
\LTpre=\skip56
\LTpost=\skip57
\LTchunksize=\count285
\LTcapwidth=\dimen153
\LT@head=\box53
\LT@firsthead=\box54
\LT@foot=\box55
\LT@lastfoot=\box56
\LT@gbox=\box57
\LT@cols=\count286
\LT@rows=\count287
\c@LT@tables=\count288
\c@LT@chunks=\count289
\LT@p@ftn=\toks25
) (d:/Texlive/2022/texmf-dist/tex/latex/booktabs/booktabs.sty
Package: booktabs 2020/01/12 v1.61803398 Publication quality tables
\heavyrulewidth=\dimen154
\lightrulewidth=\dimen155
\cmidrulewidth=\dimen156
\belowrulesep=\dimen157
\belowbottomsep=\dimen158
\aboverulesep=\dimen159
\abovetopsep=\dimen160
\cmidrulesep=\dimen161
\cmidrulekern=\dimen162
\defaultaddspace=\dimen163
\@cmidla=\count290
\@cmidlb=\count291
\@aboverulesep=\dimen164
\@belowrulesep=\dimen165
\@thisruleclass=\count292
\@lastruleclass=\count293
\@thisrulewidth=\dimen166
) (d:/Texlive/2022/texmf-dist/tex/latex/tools/array.sty
Package: array 2021/10/04 v2.5f Tabular extension package (FMi)
\col@sep=\dimen167
\ar@mcellbox=\box58
\extrarowheight=\dimen168
\NC@list=\toks26
\extratabsurround=\skip58
\backup@length=\skip59
\ar@cellbox=\box59
) (d:/Texlive/2022/texmf-dist/tex/latex/tools/calc.sty
Package: calc 2017/05/25 v4.3 Infix arithmetic (KKT,FJ)
\calc@Acount=\count294
\calc@Bcount=\count295
\calc@Adimen=\dimen169
\calc@Bdimen=\dimen170
\calc@Askip=\skip60
\calc@Bskip=\skip61
LaTeX Info: Redefining \setlength on input line 80.
LaTeX Info: Redefining \addtolength on input line 81.
\calc@Ccount=\count296
\calc@Cskip=\skip62
) (d:/Texlive/2022/texmf-dist/tex/latex/footnotehyper/footnotehyper.sty
Package: footnotehyper 2021/08/13 v1.1e hyperref aware footnote.sty (JFB)
\FNH@notes=\box60
\FNH@width=\dimen171
\FNH@toks=\toks27
) (d:/Texlive/2022/texmf-dist/tex/latex/graphics/graphicx.sty
Package: graphicx 2021/09/16 v1.2d Enhanced LaTeX Graphics (DPC,SPQR)
 (d:/Texlive/2022/texmf-dist/tex/latex/graphics/graphics.sty
Package: graphics 2021/03/04 v1.4d Standard LaTeX Graphics (DPC,SPQR)
 (d:/Texlive/2022/texmf-dist/tex/latex/graphics/trig.sty
Package: trig 2021/08/11 v1.11 sin cos tan (DPC)
) (d:/Texlive/2022/texmf-dist/tex/latex/graphics-cfg/graphics.cfg
File: graphics.cfg 2016/06/04 v1.11 sample graphics configuration
)
Package graphics Info: Driver file: pdftex.def on input line 107.
)
\Gin@req@height=\dimen172
\Gin@req@width=\dimen173
) (d:/Texlive/2022/texmf-dist/tex/latex/l3backend/l3backend-pdftex.def
File: l3backend-pdftex.def 2022-02-07 L3 backend support: PDF output (pdfTeX)
\l__color_backend_stack_int=\count297
\l__pdf_internal_box=\box61
) (./数学.aux)
\openout1 = `数学.aux'.

LaTeX Font Info:    Checking defaults for OML/cmm/m/it on input line 76.
LaTeX Font Info:    ... okay on input line 76.
LaTeX Font Info:    Checking defaults for OMS/cmsy/m/n on input line 76.
LaTeX Font Info:    ... okay on input line 76.
LaTeX Font Info:    Checking defaults for OT1/cmr/m/n on input line 76.
LaTeX Font Info:    ... okay on input line 76.
LaTeX Font Info:    Checking defaults for T1/cmr/m/n on input line 76.
LaTeX Font Info:    ... okay on input line 76.
LaTeX Font Info:    Checking defaults for TS1/cmr/m/n on input line 76.
LaTeX Font Info:    ... okay on input line 76.
LaTeX Font Info:    Checking defaults for OMX/cmex/m/n on input line 76.
LaTeX Font Info:    ... okay on input line 76.
LaTeX Font Info:    Checking defaults for U/cmr/m/n on input line 76.
LaTeX Font Info:    ... okay on input line 76.
LaTeX Font Info:    Checking defaults for PD1/pdf/m/n on input line 76.
LaTeX Font Info:    ... okay on input line 76.
LaTeX Font Info:    Checking defaults for PU/pdf/m/n on input line 76.
LaTeX Font Info:    ... okay on input line 76.
LaTeX Info: Redefining \microtypecontext on input line 76.
Package microtype Info: Applying patch `item' on input line 76.
Package microtype Info: Applying patch `toc' on input line 76.
Package microtype Info: Applying patch `eqnum' on input line 76.
Package microtype Info: Applying patch `footnote' on input line 76.
Package microtype Info: Generating PDF output.
Package microtype Info: Character protrusion enabled (level 2).
Package microtype Info: Using protrusion set `basicmath'.
Package microtype Info: Automatic font expansion enabled (level 2),
(microtype)             stretch: 20, shrink: 20, step: 1, non-selected.
Package microtype Info: Using default expansion set `alltext-nott'.
LaTeX Info: Redefining \showhyphens on input line 76.
Package microtype Info: No adjustment of tracking.
Package microtype Info: No adjustment of interword spacing.
Package microtype Info: No adjustment of character kerning.
 (d:/Texlive/2022/texmf-dist/tex/latex/microtype/mt-cmr.cfg
File: mt-cmr.cfg 2013/05/19 v2.2 microtype config. file: Computer Modern Roman (RS)
) (d:/Texlive/2022/texmf-dist/tex/context/base/mkii/supp-pdf.mkii
[Loading MPS to PDF converter (version 2006.09.02).]
\scratchcounter=\count298
\scratchdimen=\dimen174
\scratchbox=\box62
\nofMPsegments=\count299
\nofMParguments=\count300
\everyMPshowfont=\toks28
\MPscratchCnt=\count301
\MPscratchDim=\dimen175
\MPnumerator=\count302
\makeMPintoPDFobject=\count303
\everyMPtoPDFconversion=\toks29
) (d:/Texlive/2022/texmf-dist/tex/latex/epstopdf-pkg/epstopdf-base.sty
Package: epstopdf-base 2020-01-24 v2.11 Base part for package epstopdf
Package epstopdf-base Info: Redefining graphics rule for `.eps' on input line 485.
 (d:/Texlive/2022/texmf-dist/tex/latex/latexconfig/epstopdf-sys.cfg
File: epstopdf-sys.cfg 2010/07/13 v1.3 Configuration of (r)epstopdf for TeX Live
))
Package hyperref Info: Link coloring OFF on input line 76.
 (d:/Texlive/2022/texmf-dist/tex/latex/hyperref/nameref.sty
Package: nameref 2021-04-02 v2.47 Cross-referencing by name of section
 (d:/Texlive/2022/texmf-dist/tex/latex/refcount/refcount.sty
Package: refcount 2019/12/15 v3.6 Data extraction from label references (HO)
) (d:/Texlive/2022/texmf-dist/tex/generic/gettitlestring/gettitlestring.sty
Package: gettitlestring 2019/12/15 v1.6 Cleanup title references (HO)
)
\c@section@level=\count304
)
LaTeX Info: Redefining \ref on input line 76.
LaTeX Info: Redefining \pageref on input line 76.
LaTeX Info: Redefining \nameref on input line 76.


d:/note/md/8-试卷/00-高考/2022/新高考Ⅰ/数学.tex:79: LaTeX Error: Unicode character 选 (U+9009)
               not set up for use with LaTeX.

See the LaTeX manual or LaTeX Companion for explanation.
Type  H <return>  for immediate help.
 ...                                              
                                                  
l.79 ...on{选择题}\label{ux9009ux62e9ux9898-1}}
                                                  
You may provide a definition with
\DeclareUnicodeCharacter 


d:/note/md/8-试卷/00-高考/2022/新高考Ⅰ/数学.tex:79: LaTeX Error: Unicode character 择 (U+62E9)
               not set up for use with LaTeX.

See the LaTeX manual or LaTeX Companion for explanation.
Type  H <return>  for immediate help.
 ...                                              
                                                  
l.79 ...on{选择题}\label{ux9009ux62e9ux9898-1}}
                                                  
You may provide a definition with
\DeclareUnicodeCharacter 


d:/note/md/8-试卷/00-高考/2022/新高考Ⅰ/数学.tex:79: LaTeX Error: Unicode character 题 (U+9898)
               not set up for use with LaTeX.

See the LaTeX manual or LaTeX Companion for explanation.
Type  H <return>  for immediate help.
 ...                                              
                                                  
l.79 ...on{选择题}\label{ux9009ux62e9ux9898-1}}
                                                  
You may provide a definition with
\DeclareUnicodeCharacter 


d:/note/md/8-试卷/00-高考/2022/新高考Ⅰ/数学.tex:84: LaTeX Error: Unicode character 若 (U+82E5)
               not set up for use with LaTeX.

See the LaTeX manual or LaTeX Companion for explanation.
Type  H <return>  for immediate help.
 ...                                              
                                                  
l.84 \begin{longtable}
                      []{@{}ll@{}}
You may provide a definition with
\DeclareUnicodeCharacter 


d:/note/md/8-试卷/00-高考/2022/新高考Ⅰ/数学.tex:84: LaTeX Error: Unicode character 集 (U+96C6)
               not set up for use with LaTeX.

See the LaTeX manual or LaTeX Companion for explanation.
Type  H <return>  for immediate help.
 ...                                              
                                                  
l.84 \begin{longtable}
                      []{@{}ll@{}}
You may provide a definition with
\DeclareUnicodeCharacter 


d:/note/md/8-试卷/00-高考/2022/新高考Ⅰ/数学.tex:84: LaTeX Error: Unicode character 合 (U+5408)
               not set up for use with LaTeX.

See the LaTeX manual or LaTeX Companion for explanation.
Type  H <return>  for immediate help.
 ...                                              
                                                  
l.84 \begin{longtable}
                      []{@{}ll@{}}
You may provide a definition with
\DeclareUnicodeCharacter 

LaTeX Font Info:    Trying to load font information for OT1+lmr on input line 84.
(d:/Texlive/2022/texmf-dist/tex/latex/lm/ot1lmr.fd
File: ot1lmr.fd 2015/05/01 v1.6.1 Font defs for Latin Modern
)
LaTeX Font Info:    Trying to load font information for OML+lmm on input line 84.
 (d:/Texlive/2022/texmf-dist/tex/latex/lm/omllmm.fd
File: omllmm.fd 2015/05/01 v1.6.1 Font defs for Latin Modern
)
LaTeX Font Info:    Trying to load font information for OMS+lmsy on input line 84.
 (d:/Texlive/2022/texmf-dist/tex/latex/lm/omslmsy.fd
File: omslmsy.fd 2015/05/01 v1.6.1 Font defs for Latin Modern
)
LaTeX Font Info:    Trying to load font information for OMX+lmex on input line 84.
 (d:/Texlive/2022/texmf-dist/tex/latex/lm/omxlmex.fd
File: omxlmex.fd 2015/05/01 v1.6.1 Font defs for Latin Modern
)
LaTeX Font Info:    External font `lmex10' loaded for size
(Font)              <10> on input line 84.
LaTeX Font Info:    External font `lmex10' loaded for size
(Font)              <7> on input line 84.
LaTeX Font Info:    External font `lmex10' loaded for size
(Font)              <5> on input line 84.
LaTeX Font Info:    Trying to load font information for U+msa on input line 84.
 (d:/Texlive/2022/texmf-dist/tex/latex/amsfonts/umsa.fd
File: umsa.fd 2013/01/14 v3.01 AMS symbols A
) (d:/Texlive/2022/texmf-dist/tex/latex/microtype/mt-msa.cfg
File: mt-msa.cfg 2006/02/04 v1.1 microtype config. file: AMS symbols (a) (RS)
)
LaTeX Font Info:    Trying to load font information for U+msb on input line 84.
 (d:/Texlive/2022/texmf-dist/tex/latex/amsfonts/umsb.fd
File: umsb.fd 2013/01/14 v3.01 AMS symbols B
) (d:/Texlive/2022/texmf-dist/tex/latex/microtype/mt-msb.cfg
File: mt-msb.cfg 2005/06/01 v1.0 microtype config. file: AMS symbols (b) (RS)
)

d:/note/md/8-试卷/00-高考/2022/新高考Ⅰ/数学.tex:84: LaTeX Error: Unicode character ， (U+FF0C)
               not set up for use with LaTeX.

See the LaTeX manual or LaTeX Companion for explanation.
Type  H <return>  for immediate help.
 ...                                              
                                                  
l.84 \begin{longtable}
                      []{@{}ll@{}}
You may provide a definition with
\DeclareUnicodeCharacter 


d:/note/md/8-试卷/00-高考/2022/新高考Ⅰ/数学.tex:84: LaTeX Error: Unicode character ， (U+FF0C)
               not set up for use with LaTeX.

See the LaTeX manual or LaTeX Companion for explanation.
Type  H <return>  for immediate help.
 ...                                              
                                                  
l.84 \begin{longtable}
                      []{@{}ll@{}}
You may provide a definition with
\DeclareUnicodeCharacter 


d:/note/md/8-试卷/00-高考/2022/新高考Ⅰ/数学.tex:84: LaTeX Error: Unicode character 则 (U+5219)
               not set up for use with LaTeX.

See the LaTeX manual or LaTeX Companion for explanation.
Type  H <return>  for immediate help.
 ...                                              
                                                  
l.84 \begin{longtable}
                      []{@{}ll@{}}
You may provide a definition with
\DeclareUnicodeCharacter 


Package amsmath Warning: Foreign command \over;
(amsmath)                \frac or \genfrac should be used instead
(amsmath)                 on input line 90.


Package longtable Warning: Column widths have changed
(longtable)                in table 1 on input line 94.


d:/note/md/8-试卷/00-高考/2022/新高考Ⅰ/数学.tex:99: LaTeX Error: Unicode character 若 (U+82E5)
               not set up for use with LaTeX.

See the LaTeX manual or LaTeX Companion for explanation.
Type  H <return>  for immediate help.
 ...                                              
                                                  
l.99 \begin{longtable}
                      []{@{}ll@{}}
You may provide a definition with
\DeclareUnicodeCharacter 


d:/note/md/8-试卷/00-高考/2022/新高考Ⅰ/数学.tex:99: LaTeX Error: Unicode character ， (U+FF0C)
               not set up for use with LaTeX.

See the LaTeX manual or LaTeX Companion for explanation.
Type  H <return>  for immediate help.
 ...                                              
                                                  
l.99 \begin{longtable}
                      []{@{}ll@{}}
You may provide a definition with
\DeclareUnicodeCharacter 


d:/note/md/8-试卷/00-高考/2022/新高考Ⅰ/数学.tex:99: LaTeX Error: Unicode character 则 (U+5219)
               not set up for use with LaTeX.

See the LaTeX manual or LaTeX Companion for explanation.
Type  H <return>  for immediate help.
 ...                                              
                                                  
l.99 \begin{longtable}
                      []{@{}ll@{}}
You may provide a definition with
\DeclareUnicodeCharacter 


Package longtable Warning: Column widths have changed
(longtable)                in table 2 on input line 109.


d:/note/md/8-试卷/00-高考/2022/新高考Ⅰ/数学.tex:114: LaTeX Error: Unicode character 在 (U+5728)
               not set up for use with LaTeX.

See the LaTeX manual or LaTeX Companion for explanation.
Type  H <return>  for immediate help.
 ...                                              
                                                  
l.114 \begin{longtable}
                       []{@{}ll@{}}
You may provide a definition with
\DeclareUnicodeCharacter 


d:/note/md/8-试卷/00-高考/2022/新高考Ⅰ/数学.tex:114: LaTeX Error: Unicode character 中 (U+4E2D)
               not set up for use with LaTeX.

See the LaTeX manual or LaTeX Companion for explanation.
Type  H <return>  for immediate help.
 ...                                              
                                                  
l.114 \begin{longtable}
                       []{@{}ll@{}}
You may provide a definition with
\DeclareUnicodeCharacter 


d:/note/md/8-试卷/00-高考/2022/新高考Ⅰ/数学.tex:114: LaTeX Error: Unicode character ， (U+FF0C)
               not set up for use with LaTeX.

See the LaTeX manual or LaTeX Companion for explanation.
Type  H <return>  for immediate help.
 ...                                              
                                                  
l.114 \begin{longtable}
                       []{@{}ll@{}}
You may provide a definition with
\DeclareUnicodeCharacter 


d:/note/md/8-试卷/00-高考/2022/新高考Ⅰ/数学.tex:114: LaTeX Error: Unicode character 点 (U+70B9)
               not set up for use with LaTeX.

See the LaTeX manual or LaTeX Companion for explanation.
Type  H <return>  for immediate help.
 ...                                              
                                                  
l.114 \begin{longtable}
                       []{@{}ll@{}}
You may provide a definition with
\DeclareUnicodeCharacter 


d:/note/md/8-试卷/00-高考/2022/新高考Ⅰ/数学.tex:114: LaTeX Error: Unicode character 在 (U+5728)
               not set up for use with LaTeX.

See the LaTeX manual or LaTeX Companion for explanation.
Type  H <return>  for immediate help.
 ...                                              
                                                  
l.114 \begin{longtable}
                       []{@{}ll@{}}
You may provide a definition with
\DeclareUnicodeCharacter 


d:/note/md/8-试卷/00-高考/2022/新高考Ⅰ/数学.tex:114: LaTeX Error: Unicode character 边 (U+8FB9)
               not set up for use with LaTeX.

See the LaTeX manual or LaTeX Companion for explanation.
Type  H <return>  for immediate help.
 ...                                              
                                                  
l.114 \begin{longtable}
                       []{@{}ll@{}}
You may provide a definition with
\DeclareUnicodeCharacter 


d:/note/md/8-试卷/00-高考/2022/新高考Ⅰ/数学.tex:114: LaTeX Error: Unicode character 上 (U+4E0A)
               not set up for use with LaTeX.

See the LaTeX manual or LaTeX Companion for explanation.
Type  H <return>  for immediate help.
 ...                                              
                                                  
l.114 \begin{longtable}
                       []{@{}ll@{}}
You may provide a definition with
\DeclareUnicodeCharacter 


d:/note/md/8-试卷/00-高考/2022/新高考Ⅰ/数学.tex:114: LaTeX Error: Unicode character ， (U+FF0C)
               not set up for use with LaTeX.

See the LaTeX manual or LaTeX Companion for explanation.
Type  H <return>  for immediate help.
 ...                                              
                                                  
l.114 \begin{longtable}
                       []{@{}ll@{}}
You may provide a definition with
\DeclareUnicodeCharacter 


d:/note/md/8-试卷/00-高考/2022/新高考Ⅰ/数学.tex:114: LaTeX Error: Unicode character ， (U+FF0C)
               not set up for use with LaTeX.

See the LaTeX manual or LaTeX Companion for explanation.
Type  H <return>  for immediate help.
 ...                                              
                                                  
l.114 \begin{longtable}
                       []{@{}ll@{}}
You may provide a definition with
\DeclareUnicodeCharacter 


d:/note/md/8-试卷/00-高考/2022/新高考Ⅰ/数学.tex:114: LaTeX Error: Unicode character 记 (U+8BB0)
               not set up for use with LaTeX.

See the LaTeX manual or LaTeX Companion for explanation.
Type  H <return>  for immediate help.
 ...                                              
                                                  
l.114 \begin{longtable}
                       []{@{}ll@{}}
You may provide a definition with
\DeclareUnicodeCharacter 


d:/note/md/8-试卷/00-高考/2022/新高考Ⅰ/数学.tex:114: LaTeX Error: Unicode character ， (U+FF0C)
               not set up for use with LaTeX.

See the LaTeX manual or LaTeX Companion for explanation.
Type  H <return>  for immediate help.
 ...                                              
                                                  
l.114 \begin{longtable}
                       []{@{}ll@{}}
You may provide a definition with
\DeclareUnicodeCharacter 


d:/note/md/8-试卷/00-高考/2022/新高考Ⅰ/数学.tex:114: LaTeX Error: Unicode character ， (U+FF0C)
               not set up for use with LaTeX.

See the LaTeX manual or LaTeX Companion for explanation.
Type  H <return>  for immediate help.
 ...                                              
                                                  
l.114 \begin{longtable}
                       []{@{}ll@{}}
You may provide a definition with
\DeclareUnicodeCharacter 


d:/note/md/8-试卷/00-高考/2022/新高考Ⅰ/数学.tex:114: LaTeX Error: Unicode character 则 (U+5219)
               not set up for use with LaTeX.

See the LaTeX manual or LaTeX Companion for explanation.
Type  H <return>  for immediate help.
 ...                                              
                                                  
l.114 \begin{longtable}
                       []{@{}ll@{}}
You may provide a definition with
\DeclareUnicodeCharacter 


Package longtable Warning: Column widths have changed
(longtable)                in table 3 on input line 124.


d:/note/md/8-试卷/00-高考/2022/新高考Ⅰ/数学.tex:129: LaTeX Error: Unicode character 南 (U+5357)
               not set up for use with LaTeX.

See the LaTeX manual or LaTeX Companion for explanation.
Type  H <return>  for immediate help.
 ...                                              
                                                  
l.129 \begin{longtable}
                       []{@{}ll@{}}
You may provide a definition with
\DeclareUnicodeCharacter 


d:/note/md/8-试卷/00-高考/2022/新高考Ⅰ/数学.tex:129: LaTeX Error: Unicode character 水 (U+6C34)
               not set up for use with LaTeX.

See the LaTeX manual or LaTeX Companion for explanation.
Type  H <return>  for immediate help.
 ...                                              
                                                  
l.129 \begin{longtable}
                       []{@{}ll@{}}
You may provide a definition with
\DeclareUnicodeCharacter 


d:/note/md/8-试卷/00-高考/2022/新高考Ⅰ/数学.tex:129: LaTeX Error: Unicode character 北 (U+5317)
               not set up for use with LaTeX.

See the LaTeX manual or LaTeX Companion for explanation.
Type  H <return>  for immediate help.
 ...                                              
                                                  
l.129 \begin{longtable}
                       []{@{}ll@{}}
You may provide a definition with
\DeclareUnicodeCharacter 


d:/note/md/8-试卷/00-高考/2022/新高考Ⅰ/数学.tex:129: LaTeX Error: Unicode character 调 (U+8C03)
               not set up for use with LaTeX.

See the LaTeX manual or LaTeX Companion for explanation.
Type  H <return>  for immediate help.
 ...                                              
                                                  
l.129 \begin{longtable}
                       []{@{}ll@{}}
You may provide a definition with
\DeclareUnicodeCharacter 


d:/note/md/8-试卷/00-高考/2022/新高考Ⅰ/数学.tex:129: LaTeX Error: Unicode character 工 (U+5DE5)
               not set up for use with LaTeX.

See the LaTeX manual or LaTeX Companion for explanation.
Type  H <return>  for immediate help.
 ...                                              
                                                  
l.129 \begin{longtable}
                       []{@{}ll@{}}
You may provide a definition with
\DeclareUnicodeCharacter 


d:/note/md/8-试卷/00-高考/2022/新高考Ⅰ/数学.tex:129: LaTeX Error: Unicode character 程 (U+7A0B)
               not set up for use with LaTeX.

See the LaTeX manual or LaTeX Companion for explanation.
Type  H <return>  for immediate help.
 ...                                              
                                                  
l.129 \begin{longtable}
                       []{@{}ll@{}}
You may provide a definition with
\DeclareUnicodeCharacter 


d:/note/md/8-试卷/00-高考/2022/新高考Ⅰ/数学.tex:129: LaTeX Error: Unicode character 缓 (U+7F13)
               not set up for use with LaTeX.

See the LaTeX manual or LaTeX Companion for explanation.
Type  H <return>  for immediate help.
 ...                                              
                                                  
l.129 \begin{longtable}
                       []{@{}ll@{}}
You may provide a definition with
\DeclareUnicodeCharacter 


d:/note/md/8-试卷/00-高考/2022/新高考Ⅰ/数学.tex:129: LaTeX Error: Unicode character 解 (U+89E3)
               not set up for use with LaTeX.

See the LaTeX manual or LaTeX Companion for explanation.
Type  H <return>  for immediate help.
 ...                                              
                                                  
l.129 \begin{longtable}
                       []{@{}ll@{}}
You may provide a definition with
\DeclareUnicodeCharacter 


d:/note/md/8-试卷/00-高考/2022/新高考Ⅰ/数学.tex:129: LaTeX Error: Unicode character 了 (U+4E86)
               not set up for use with LaTeX.

See the LaTeX manual or LaTeX Companion for explanation.
Type  H <return>  for immediate help.
 ...                                              
                                                  
l.129 \begin{longtable}
                       []{@{}ll@{}}
You may provide a definition with
\DeclareUnicodeCharacter 


d:/note/md/8-试卷/00-高考/2022/新高考Ⅰ/数学.tex:129: LaTeX Error: Unicode character 北 (U+5317)
               not set up for use with LaTeX.

See the LaTeX manual or LaTeX Companion for explanation.
Type  H <return>  for immediate help.
 ...                                              
                                                  
l.129 \begin{longtable}
                       []{@{}ll@{}}
You may provide a definition with
\DeclareUnicodeCharacter 


d:/note/md/8-试卷/00-高考/2022/新高考Ⅰ/数学.tex:129: LaTeX Error: Unicode character 方 (U+65B9)
               not set up for use with LaTeX.

See the LaTeX manual or LaTeX Companion for explanation.
Type  H <return>  for immediate help.
 ...                                              
                                                  
l.129 \begin{longtable}
                       []{@{}ll@{}}
You may provide a definition with
\DeclareUnicodeCharacter 


d:/note/md/8-试卷/00-高考/2022/新高考Ⅰ/数学.tex:129: LaTeX Error: Unicode character 一 (U+4E00)
               not set up for use with LaTeX.

See the LaTeX manual or LaTeX Companion for explanation.
Type  H <return>  for immediate help.
 ...                                              
                                                  
l.129 \begin{longtable}
                       []{@{}ll@{}}
You may provide a definition with
\DeclareUnicodeCharacter 


d:/note/md/8-试卷/00-高考/2022/新高考Ⅰ/数学.tex:129: LaTeX Error: Unicode character 些 (U+4E9B)
               not set up for use with LaTeX.

See the LaTeX manual or LaTeX Companion for explanation.
Type  H <return>  for immediate help.
 ...                                              
                                                  
l.129 \begin{longtable}
                       []{@{}ll@{}}
You may provide a definition with
\DeclareUnicodeCharacter 


d:/note/md/8-试卷/00-高考/2022/新高考Ⅰ/数学.tex:129: LaTeX Error: Unicode character 地 (U+5730)
               not set up for use with LaTeX.

See the LaTeX manual or LaTeX Companion for explanation.
Type  H <return>  for immediate help.
 ...                                              
                                                  
l.129 \begin{longtable}
                       []{@{}ll@{}}
You may provide a definition with
\DeclareUnicodeCharacter 


d:/note/md/8-试卷/00-高考/2022/新高考Ⅰ/数学.tex:129: LaTeX Error: Unicode character 区 (U+533A)
               not set up for use with LaTeX.

See the LaTeX manual or LaTeX Companion for explanation.
Type  H <return>  for immediate help.
 ...                                              
                                                  
l.129 \begin{longtable}
                       []{@{}ll@{}}
You may provide a definition with
\DeclareUnicodeCharacter 


d:/note/md/8-试卷/00-高考/2022/新高考Ⅰ/数学.tex:129: LaTeX Error: Unicode character 水 (U+6C34)
               not set up for use with LaTeX.

See the LaTeX manual or LaTeX Companion for explanation.
Type  H <return>  for immediate help.
 ...                                              
                                                  
l.129 \begin{longtable}
                       []{@{}ll@{}}
You may provide a definition with
\DeclareUnicodeCharacter 


d:/note/md/8-试卷/00-高考/2022/新高考Ⅰ/数学.tex:129: LaTeX Error: Unicode character 资 (U+8D44)
               not set up for use with LaTeX.

See the LaTeX manual or LaTeX Companion for explanation.
Type  H <return>  for immediate help.
 ...                                              
                                                  
l.129 \begin{longtable}
                       []{@{}ll@{}}
You may provide a definition with
\DeclareUnicodeCharacter 


d:/note/md/8-试卷/00-高考/2022/新高考Ⅰ/数学.tex:129: LaTeX Error: Unicode character 源 (U+6E90)
               not set up for use with LaTeX.

See the LaTeX manual or LaTeX Companion for explanation.
Type  H <return>  for immediate help.
 ...                                              
                                                  
l.129 \begin{longtable}
                       []{@{}ll@{}}
You may provide a definition with
\DeclareUnicodeCharacter 


d:/note/md/8-试卷/00-高考/2022/新高考Ⅰ/数学.tex:129: LaTeX Error: Unicode character 短 (U+77ED)
               not set up for use with LaTeX.

See the LaTeX manual or LaTeX Companion for explanation.
Type  H <return>  for immediate help.
 ...                                              
                                                  
l.129 \begin{longtable}
                       []{@{}ll@{}}
You may provide a definition with
\DeclareUnicodeCharacter 


d:/note/md/8-试卷/00-高考/2022/新高考Ⅰ/数学.tex:129: LaTeX Error: Unicode character 缺 (U+7F3A)
               not set up for use with LaTeX.

See the LaTeX manual or LaTeX Companion for explanation.
Type  H <return>  for immediate help.
 ...                                              
                                                  
l.129 \begin{longtable}
                       []{@{}ll@{}}
You may provide a definition with
\DeclareUnicodeCharacter 


d:/note/md/8-试卷/00-高考/2022/新高考Ⅰ/数学.tex:129: LaTeX Error: Unicode character 问 (U+95EE)
               not set up for use with LaTeX.

See the LaTeX manual or LaTeX Companion for explanation.
Type  H <return>  for immediate help.
 ...                                              
                                                  
l.129 \begin{longtable}
                       []{@{}ll@{}}
You may provide a definition with
\DeclareUnicodeCharacter 


d:/note/md/8-试卷/00-高考/2022/新高考Ⅰ/数学.tex:129: LaTeX Error: Unicode character 题 (U+9898)
               not set up for use with LaTeX.

See the LaTeX manual or LaTeX Companion for explanation.
Type  H <return>  for immediate help.
 ...                                              
                                                  
l.129 \begin{longtable}
                       []{@{}ll@{}}
You may provide a definition with
\DeclareUnicodeCharacter 


d:/note/md/8-试卷/00-高考/2022/新高考Ⅰ/数学.tex:129: LaTeX Error: Unicode character ， (U+FF0C)
               not set up for use with LaTeX.

See the LaTeX manual or LaTeX Companion for explanation.
Type  H <return>  for immediate help.
 ...                                              
                                                  
l.129 \begin{longtable}
                       []{@{}ll@{}}
You may provide a definition with
\DeclareUnicodeCharacter 


d:/note/md/8-试卷/00-高考/2022/新高考Ⅰ/数学.tex:129: LaTeX Error: Unicode character 其 (U+5176)
               not set up for use with LaTeX.

See the LaTeX manual or LaTeX Companion for explanation.
Type  H <return>  for immediate help.
 ...                                              
                                                  
l.129 \begin{longtable}
                       []{@{}ll@{}}
You may provide a definition with
\DeclareUnicodeCharacter 


d:/note/md/8-试卷/00-高考/2022/新高考Ⅰ/数学.tex:129: LaTeX Error: Unicode character 中 (U+4E2D)
               not set up for use with LaTeX.

See the LaTeX manual or LaTeX Companion for explanation.
Type  H <return>  for immediate help.
 ...                                              
                                                  
l.129 \begin{longtable}
                       []{@{}ll@{}}
You may provide a definition with
\DeclareUnicodeCharacter 


d:/note/md/8-试卷/00-高考/2022/新高考Ⅰ/数学.tex:129: LaTeX Error: Unicode character 一 (U+4E00)
               not set up for use with LaTeX.

See the LaTeX manual or LaTeX Companion for explanation.
Type  H <return>  for immediate help.
 ...                                              
                                                  
l.129 \begin{longtable}
                       []{@{}ll@{}}
You may provide a definition with
\DeclareUnicodeCharacter 


d:/note/md/8-试卷/00-高考/2022/新高考Ⅰ/数学.tex:129: LaTeX Error: Unicode character 部 (U+90E8)
               not set up for use with LaTeX.

See the LaTeX manual or LaTeX Companion for explanation.
Type  H <return>  for immediate help.
 ...                                              
                                                  
l.129 \begin{longtable}
                       []{@{}ll@{}}
You may provide a definition with
\DeclareUnicodeCharacter 


d:/note/md/8-试卷/00-高考/2022/新高考Ⅰ/数学.tex:129: LaTeX Error: Unicode character 分 (U+5206)
               not set up for use with LaTeX.

See the LaTeX manual or LaTeX Companion for explanation.
Type  H <return>  for immediate help.
 ...                                              
                                                  
l.129 \begin{longtable}
                       []{@{}ll@{}}
You may provide a definition with
\DeclareUnicodeCharacter 


d:/note/md/8-试卷/00-高考/2022/新高考Ⅰ/数学.tex:129: LaTeX Error: Unicode character 水 (U+6C34)
               not set up for use with LaTeX.

See the LaTeX manual or LaTeX Companion for explanation.
Type  H <return>  for immediate help.
 ...                                              
                                                  
l.129 \begin{longtable}
                       []{@{}ll@{}}
You may provide a definition with
\DeclareUnicodeCharacter 


d:/note/md/8-试卷/00-高考/2022/新高考Ⅰ/数学.tex:129: LaTeX Error: Unicode character 蓄 (U+84C4)
               not set up for use with LaTeX.

See the LaTeX manual or LaTeX Companion for explanation.
Type  H <return>  for immediate help.
 ...                                              
                                                  
l.129 \begin{longtable}
                       []{@{}ll@{}}
You may provide a definition with
\DeclareUnicodeCharacter 


d:/note/md/8-试卷/00-高考/2022/新高考Ⅰ/数学.tex:129: LaTeX Error: Unicode character 入 (U+5165)
               not set up for use with LaTeX.

See the LaTeX manual or LaTeX Companion for explanation.
Type  H <return>  for immediate help.
 ...                                              
                                                  
l.129 \begin{longtable}
                       []{@{}ll@{}}
You may provide a definition with
\DeclareUnicodeCharacter 


d:/note/md/8-试卷/00-高考/2022/新高考Ⅰ/数学.tex:129: LaTeX Error: Unicode character 某 (U+67D0)
               not set up for use with LaTeX.

See the LaTeX manual or LaTeX Companion for explanation.
Type  H <return>  for immediate help.
 ...                                              
                                                  
l.129 \begin{longtable}
                       []{@{}ll@{}}
You may provide a definition with
\DeclareUnicodeCharacter 


d:/note/md/8-试卷/00-高考/2022/新高考Ⅰ/数学.tex:129: LaTeX Error: Unicode character 水 (U+6C34)
               not set up for use with LaTeX.

See the LaTeX manual or LaTeX Companion for explanation.
Type  H <return>  for immediate help.
 ...                                              
                                                  
l.129 \begin{longtable}
                       []{@{}ll@{}}
You may provide a definition with
\DeclareUnicodeCharacter 


d:/note/md/8-试卷/00-高考/2022/新高考Ⅰ/数学.tex:129: LaTeX Error: Unicode character 库 (U+5E93)
               not set up for use with LaTeX.

See the LaTeX manual or LaTeX Companion for explanation.
Type  H <return>  for immediate help.
 ...                                              
                                                  
l.129 \begin{longtable}
                       []{@{}ll@{}}
You may provide a definition with
\DeclareUnicodeCharacter 


d:/note/md/8-试卷/00-高考/2022/新高考Ⅰ/数学.tex:129: LaTeX Error: Unicode character ， (U+FF0C)
               not set up for use with LaTeX.

See the LaTeX manual or LaTeX Companion for explanation.
Type  H <return>  for immediate help.
 ...                                              
                                                  
l.129 \begin{longtable}
                       []{@{}ll@{}}
You may provide a definition with
\DeclareUnicodeCharacter 


d:/note/md/8-试卷/00-高考/2022/新高考Ⅰ/数学.tex:129: LaTeX Error: Unicode character 已 (U+5DF2)
               not set up for use with LaTeX.

See the LaTeX manual or LaTeX Companion for explanation.
Type  H <return>  for immediate help.
 ...                                              
                                                  
l.129 \begin{longtable}
                       []{@{}ll@{}}
You may provide a definition with
\DeclareUnicodeCharacter 


d:/note/md/8-试卷/00-高考/2022/新高考Ⅰ/数学.tex:129: LaTeX Error: Unicode character 知 (U+77E5)
               not set up for use with LaTeX.

See the LaTeX manual or LaTeX Companion for explanation.
Type  H <return>  for immediate help.
 ...                                              
                                                  
l.129 \begin{longtable}
                       []{@{}ll@{}}
You may provide a definition with
\DeclareUnicodeCharacter 


d:/note/md/8-试卷/00-高考/2022/新高考Ⅰ/数学.tex:129: LaTeX Error: Unicode character 该 (U+8BE5)
               not set up for use with LaTeX.

See the LaTeX manual or LaTeX Companion for explanation.
Type  H <return>  for immediate help.
 ...                                              
                                                  
l.129 \begin{longtable}
                       []{@{}ll@{}}
You may provide a definition with
\DeclareUnicodeCharacter 


d:/note/md/8-试卷/00-高考/2022/新高考Ⅰ/数学.tex:129: LaTeX Error: Unicode character 水 (U+6C34)
               not set up for use with LaTeX.

See the LaTeX manual or LaTeX Companion for explanation.
Type  H <return>  for immediate help.
 ...                                              
                                                  
l.129 \begin{longtable}
                       []{@{}ll@{}}
You may provide a definition with
\DeclareUnicodeCharacter 


d:/note/md/8-试卷/00-高考/2022/新高考Ⅰ/数学.tex:129: LaTeX Error: Unicode character 库 (U+5E93)
               not set up for use with LaTeX.

See the LaTeX manual or LaTeX Companion for explanation.
Type  H <return>  for immediate help.
 ...                                              
                                                  
l.129 \begin{longtable}
                       []{@{}ll@{}}
You may provide a definition with
\DeclareUnicodeCharacter 


d:/note/md/8-试卷/00-高考/2022/新高考Ⅰ/数学.tex:129: LaTeX Error: Unicode character 水 (U+6C34)
               not set up for use with LaTeX.

See the LaTeX manual or LaTeX Companion for explanation.
Type  H <return>  for immediate help.
 ...                                              
                                                  
l.129 \begin{longtable}
                       []{@{}ll@{}}
You may provide a definition with
\DeclareUnicodeCharacter 


d:/note/md/8-试卷/00-高考/2022/新高考Ⅰ/数学.tex:129: LaTeX Error: Unicode character 位 (U+4F4D)
               not set up for use with LaTeX.

See the LaTeX manual or LaTeX Companion for explanation.
Type  H <return>  for immediate help.
 ...                                              
                                                  
l.129 \begin{longtable}
                       []{@{}ll@{}}
You may provide a definition with
\DeclareUnicodeCharacter 


d:/note/md/8-试卷/00-高考/2022/新高考Ⅰ/数学.tex:129: LaTeX Error: Unicode character 为 (U+4E3A)
               not set up for use with LaTeX.

See the LaTeX manual or LaTeX Companion for explanation.
Type  H <return>  for immediate help.
 ...                                              
                                                  
l.129 \begin{longtable}
                       []{@{}ll@{}}
You may provide a definition with
\DeclareUnicodeCharacter 


d:/note/md/8-试卷/00-高考/2022/新高考Ⅰ/数学.tex:129: LaTeX Error: Unicode character 海 (U+6D77)
               not set up for use with LaTeX.

See the LaTeX manual or LaTeX Companion for explanation.
Type  H <return>  for immediate help.
 ...                                              
                                                  
l.129 \begin{longtable}
                       []{@{}ll@{}}
You may provide a definition with
\DeclareUnicodeCharacter 


d:/note/md/8-试卷/00-高考/2022/新高考Ⅰ/数学.tex:129: LaTeX Error: Unicode character 拔 (U+62D4)
               not set up for use with LaTeX.

See the LaTeX manual or LaTeX Companion for explanation.
Type  H <return>  for immediate help.
 ...                                              
                                                  
l.129 \begin{longtable}
                       []{@{}ll@{}}
You may provide a definition with
\DeclareUnicodeCharacter 


d:/note/md/8-试卷/00-高考/2022/新高考Ⅰ/数学.tex:129: LaTeX Error: Unicode character 时 (U+65F6)
               not set up for use with LaTeX.

See the LaTeX manual or LaTeX Companion for explanation.
Type  H <return>  for immediate help.
 ...                                              
                                                  
l.129 \begin{longtable}
                       []{@{}ll@{}}
You may provide a definition with
\DeclareUnicodeCharacter 


d:/note/md/8-试卷/00-高考/2022/新高考Ⅰ/数学.tex:129: LaTeX Error: Unicode character 相 (U+76F8)
               not set up for use with LaTeX.

See the LaTeX manual or LaTeX Companion for explanation.
Type  H <return>  for immediate help.
 ...                                              
                                                  
l.129 \begin{longtable}
                       []{@{}ll@{}}
You may provide a definition with
\DeclareUnicodeCharacter 


d:/note/md/8-试卷/00-高考/2022/新高考Ⅰ/数学.tex:129: LaTeX Error: Unicode character 应 (U+5E94)
               not set up for use with LaTeX.

See the LaTeX manual or LaTeX Companion for explanation.
Type  H <return>  for immediate help.
 ...                                              
                                                  
l.129 \begin{longtable}
                       []{@{}ll@{}}
You may provide a definition with
\DeclareUnicodeCharacter 


d:/note/md/8-试卷/00-高考/2022/新高考Ⅰ/数学.tex:129: LaTeX Error: Unicode character 水 (U+6C34)
               not set up for use with LaTeX.

See the LaTeX manual or LaTeX Companion for explanation.
Type  H <return>  for immediate help.
 ...                                              
                                                  
l.129 \begin{longtable}
                       []{@{}ll@{}}
You may provide a definition with
\DeclareUnicodeCharacter 


d:/note/md/8-试卷/00-高考/2022/新高考Ⅰ/数学.tex:129: LaTeX Error: Unicode character 面 (U+9762)
               not set up for use with LaTeX.

See the LaTeX manual or LaTeX Companion for explanation.
Type  H <return>  for immediate help.
 ...                                              
                                                  
l.129 \begin{longtable}
                       []{@{}ll@{}}
You may provide a definition with
\DeclareUnicodeCharacter 


d:/note/md/8-试卷/00-高考/2022/新高考Ⅰ/数学.tex:129: LaTeX Error: Unicode character 的 (U+7684)
               not set up for use with LaTeX.

See the LaTeX manual or LaTeX Companion for explanation.
Type  H <return>  for immediate help.
 ...                                              
                                                  
l.129 \begin{longtable}
                       []{@{}ll@{}}
You may provide a definition with
\DeclareUnicodeCharacter 


d:/note/md/8-试卷/00-高考/2022/新高考Ⅰ/数学.tex:129: LaTeX Error: Unicode character 面 (U+9762)
               not set up for use with LaTeX.

See the LaTeX manual or LaTeX Companion for explanation.
Type  H <return>  for immediate help.
 ...                                              
                                                  
l.129 \begin{longtable}
                       []{@{}ll@{}}
You may provide a definition with
\DeclareUnicodeCharacter 


d:/note/md/8-试卷/00-高考/2022/新高考Ⅰ/数学.tex:129: LaTeX Error: Unicode character 积 (U+79EF)
               not set up for use with LaTeX.

See the LaTeX manual or LaTeX Companion for explanation.
Type  H <return>  for immediate help.
 ...                                              
                                                  
l.129 \begin{longtable}
                       []{@{}ll@{}}
You may provide a definition with
\DeclareUnicodeCharacter 


d:/note/md/8-试卷/00-高考/2022/新高考Ⅰ/数学.tex:129: LaTeX Error: Unicode character 为 (U+4E3A)
               not set up for use with LaTeX.

See the LaTeX manual or LaTeX Companion for explanation.
Type  H <return>  for immediate help.
 ...                                              
                                                  
l.129 \begin{longtable}
                       []{@{}ll@{}}
You may provide a definition with
\DeclareUnicodeCharacter 


d:/note/md/8-试卷/00-高考/2022/新高考Ⅰ/数学.tex:129: LaTeX Error: Unicode character ； (U+FF1B)
               not set up for use with LaTeX.

See the LaTeX manual or LaTeX Companion for explanation.
Type  H <return>  for immediate help.
 ...                                              
                                                  
l.129 \begin{longtable}
                       []{@{}ll@{}}
You may provide a definition with
\DeclareUnicodeCharacter 


d:/note/md/8-试卷/00-高考/2022/新高考Ⅰ/数学.tex:129: LaTeX Error: Unicode character 水 (U+6C34)
               not set up for use with LaTeX.

See the LaTeX manual or LaTeX Companion for explanation.
Type  H <return>  for immediate help.
 ...                                              
                                                  
l.129 \begin{longtable}
                       []{@{}ll@{}}
You may provide a definition with
\DeclareUnicodeCharacter 


d:/note/md/8-试卷/00-高考/2022/新高考Ⅰ/数学.tex:129: LaTeX Error: Unicode character 位 (U+4F4D)
               not set up for use with LaTeX.

See the LaTeX manual or LaTeX Companion for explanation.
Type  H <return>  for immediate help.
 ...                                              
                                                  
l.129 \begin{longtable}
                       []{@{}ll@{}}
You may provide a definition with
\DeclareUnicodeCharacter 


d:/note/md/8-试卷/00-高考/2022/新高考Ⅰ/数学.tex:129: LaTeX Error: Unicode character 为 (U+4E3A)
               not set up for use with LaTeX.

See the LaTeX manual or LaTeX Companion for explanation.
Type  H <return>  for immediate help.
 ...                                              
                                                  
l.129 \begin{longtable}
                       []{@{}ll@{}}
You may provide a definition with
\DeclareUnicodeCharacter 


d:/note/md/8-试卷/00-高考/2022/新高考Ⅰ/数学.tex:129: LaTeX Error: Unicode character 海 (U+6D77)
               not set up for use with LaTeX.

See the LaTeX manual or LaTeX Companion for explanation.
Type  H <return>  for immediate help.
 ...                                              
                                                  
l.129 \begin{longtable}
                       []{@{}ll@{}}
You may provide a definition with
\DeclareUnicodeCharacter 


d:/note/md/8-试卷/00-高考/2022/新高考Ⅰ/数学.tex:129: LaTeX Error: Unicode character 拔 (U+62D4)
               not set up for use with LaTeX.

See the LaTeX manual or LaTeX Companion for explanation.
Type  H <return>  for immediate help.
 ...                                              
                                                  
l.129 \begin{longtable}
                       []{@{}ll@{}}
You may provide a definition with
\DeclareUnicodeCharacter 


d:/note/md/8-试卷/00-高考/2022/新高考Ⅰ/数学.tex:129: LaTeX Error: Unicode character 时 (U+65F6)
               not set up for use with LaTeX.

See the LaTeX manual or LaTeX Companion for explanation.
Type  H <return>  for immediate help.
 ...                                              
                                                  
l.129 \begin{longtable}
                       []{@{}ll@{}}
You may provide a definition with
\DeclareUnicodeCharacter 


d:/note/md/8-试卷/00-高考/2022/新高考Ⅰ/数学.tex:129: LaTeX Error: Unicode character ， (U+FF0C)
               not set up for use with LaTeX.

See the LaTeX manual or LaTeX Companion for explanation.
Type  H <return>  for immediate help.
 ...                                              
                                                  
l.129 \begin{longtable}
                       []{@{}ll@{}}
You may provide a definition with
\DeclareUnicodeCharacter 


d:/note/md/8-试卷/00-高考/2022/新高考Ⅰ/数学.tex:129: LaTeX Error: Unicode character 相 (U+76F8)
               not set up for use with LaTeX.

See the LaTeX manual or LaTeX Companion for explanation.
Type  H <return>  for immediate help.
 ...                                              
                                                  
l.129 \begin{longtable}
                       []{@{}ll@{}}
You may provide a definition with
\DeclareUnicodeCharacter 


d:/note/md/8-试卷/00-高考/2022/新高考Ⅰ/数学.tex:129: LaTeX Error: Unicode character 应 (U+5E94)
               not set up for use with LaTeX.

See the LaTeX manual or LaTeX Companion for explanation.
Type  H <return>  for immediate help.
 ...                                              
                                                  
l.129 \begin{longtable}
                       []{@{}ll@{}}
You may provide a definition with
\DeclareUnicodeCharacter 


d:/note/md/8-试卷/00-高考/2022/新高考Ⅰ/数学.tex:129: LaTeX Error: Unicode character 水 (U+6C34)
               not set up for use with LaTeX.

See the LaTeX manual or LaTeX Companion for explanation.
Type  H <return>  for immediate help.
 ...                                              
                                                  
l.129 \begin{longtable}
                       []{@{}ll@{}}
You may provide a definition with
\DeclareUnicodeCharacter 


d:/note/md/8-试卷/00-高考/2022/新高考Ⅰ/数学.tex:129: LaTeX Error: Unicode character 面 (U+9762)
               not set up for use with LaTeX.

See the LaTeX manual or LaTeX Companion for explanation.
Type  H <return>  for immediate help.
 ...                                              
                                                  
l.129 \begin{longtable}
                       []{@{}ll@{}}
You may provide a definition with
\DeclareUnicodeCharacter 


d:/note/md/8-试卷/00-高考/2022/新高考Ⅰ/数学.tex:129: LaTeX Error: Unicode character 的 (U+7684)
               not set up for use with LaTeX.

See the LaTeX manual or LaTeX Companion for explanation.
Type  H <return>  for immediate help.
 ...                                              
                                                  
l.129 \begin{longtable}
                       []{@{}ll@{}}
You may provide a definition with
\DeclareUnicodeCharacter 


d:/note/md/8-试卷/00-高考/2022/新高考Ⅰ/数学.tex:129: LaTeX Error: Unicode character 面 (U+9762)
               not set up for use with LaTeX.

See the LaTeX manual or LaTeX Companion for explanation.
Type  H <return>  for immediate help.
 ...                                              
                                                  
l.129 \begin{longtable}
                       []{@{}ll@{}}
You may provide a definition with
\DeclareUnicodeCharacter 


d:/note/md/8-试卷/00-高考/2022/新高考Ⅰ/数学.tex:129: LaTeX Error: Unicode character 积 (U+79EF)
               not set up for use with LaTeX.

See the LaTeX manual or LaTeX Companion for explanation.
Type  H <return>  for immediate help.
 ...                                              
                                                  
l.129 \begin{longtable}
                       []{@{}ll@{}}
You may provide a definition with
\DeclareUnicodeCharacter 


d:/note/md/8-试卷/00-高考/2022/新高考Ⅰ/数学.tex:129: LaTeX Error: Unicode character 为 (U+4E3A)
               not set up for use with LaTeX.

See the LaTeX manual or LaTeX Companion for explanation.
Type  H <return>  for immediate help.
 ...                                              
                                                  
l.129 \begin{longtable}
                       []{@{}ll@{}}
You may provide a definition with
\DeclareUnicodeCharacter 


d:/note/md/8-试卷/00-高考/2022/新高考Ⅰ/数学.tex:129: LaTeX Error: Unicode character 。 (U+3002)
               not set up for use with LaTeX.

See the LaTeX manual or LaTeX Companion for explanation.
Type  H <return>  for immediate help.
 ...                                              
                                                  
l.129 \begin{longtable}
                       []{@{}ll@{}}
You may provide a definition with
\DeclareUnicodeCharacter 


d:/note/md/8-试卷/00-高考/2022/新高考Ⅰ/数学.tex:129: LaTeX Error: Unicode character 将 (U+5C06)
               not set up for use with LaTeX.

See the LaTeX manual or LaTeX Companion for explanation.
Type  H <return>  for immediate help.
 ...                                              
                                                  
l.129 \begin{longtable}
                       []{@{}ll@{}}
You may provide a definition with
\DeclareUnicodeCharacter 


d:/note/md/8-试卷/00-高考/2022/新高考Ⅰ/数学.tex:129: LaTeX Error: Unicode character 该 (U+8BE5)
               not set up for use with LaTeX.

See the LaTeX manual or LaTeX Companion for explanation.
Type  H <return>  for immediate help.
 ...                                              
                                                  
l.129 \begin{longtable}
                       []{@{}ll@{}}
You may provide a definition with
\DeclareUnicodeCharacter 


d:/note/md/8-试卷/00-高考/2022/新高考Ⅰ/数学.tex:129: LaTeX Error: Unicode character 水 (U+6C34)
               not set up for use with LaTeX.

See the LaTeX manual or LaTeX Companion for explanation.
Type  H <return>  for immediate help.
 ...                                              
                                                  
l.129 \begin{longtable}
                       []{@{}ll@{}}
You may provide a definition with
\DeclareUnicodeCharacter 


d:/note/md/8-试卷/00-高考/2022/新高考Ⅰ/数学.tex:129: LaTeX Error: Unicode character 库 (U+5E93)
               not set up for use with LaTeX.

See the LaTeX manual or LaTeX Companion for explanation.
Type  H <return>  for immediate help.
 ...                                              
                                                  
l.129 \begin{longtable}
                       []{@{}ll@{}}
You may provide a definition with
\DeclareUnicodeCharacter 


d:/note/md/8-试卷/00-高考/2022/新高考Ⅰ/数学.tex:129: LaTeX Error: Unicode character 在 (U+5728)
               not set up for use with LaTeX.

See the LaTeX manual or LaTeX Companion for explanation.
Type  H <return>  for immediate help.
 ...                                              
                                                  
l.129 \begin{longtable}
                       []{@{}ll@{}}
You may provide a definition with
\DeclareUnicodeCharacter 


d:/note/md/8-试卷/00-高考/2022/新高考Ⅰ/数学.tex:129: LaTeX Error: Unicode character 这 (U+8FD9)
               not set up for use with LaTeX.

See the LaTeX manual or LaTeX Companion for explanation.
Type  H <return>  for immediate help.
 ...                                              
                                                  
l.129 \begin{longtable}
                       []{@{}ll@{}}
You may provide a definition with
\DeclareUnicodeCharacter 


d:/note/md/8-试卷/00-高考/2022/新高考Ⅰ/数学.tex:129: LaTeX Error: Unicode character 两 (U+4E24)
               not set up for use with LaTeX.

See the LaTeX manual or LaTeX Companion for explanation.
Type  H <return>  for immediate help.
 ...                                              
                                                  
l.129 \begin{longtable}
                       []{@{}ll@{}}
You may provide a definition with
\DeclareUnicodeCharacter 


d:/note/md/8-试卷/00-高考/2022/新高考Ⅰ/数学.tex:129: LaTeX Error: Unicode character 个 (U+4E2A)
               not set up for use with LaTeX.

See the LaTeX manual or LaTeX Companion for explanation.
Type  H <return>  for immediate help.
 ...                                              
                                                  
l.129 \begin{longtable}
                       []{@{}ll@{}}
You may provide a definition with
\DeclareUnicodeCharacter 


d:/note/md/8-试卷/00-高考/2022/新高考Ⅰ/数学.tex:129: LaTeX Error: Unicode character 水 (U+6C34)
               not set up for use with LaTeX.

See the LaTeX manual or LaTeX Companion for explanation.
Type  H <return>  for immediate help.
 ...                                              
                                                  
l.129 \begin{longtable}
                       []{@{}ll@{}}
You may provide a definition with
\DeclareUnicodeCharacter 


d:/note/md/8-试卷/00-高考/2022/新高考Ⅰ/数学.tex:129: LaTeX Error: Unicode character 位 (U+4F4D)
               not set up for use with LaTeX.

See the LaTeX manual or LaTeX Companion for explanation.
Type  H <return>  for immediate help.
 ...                                              
                                                  
l.129 \begin{longtable}
                       []{@{}ll@{}}
You may provide a definition with
\DeclareUnicodeCharacter 


d:/note/md/8-试卷/00-高考/2022/新高考Ⅰ/数学.tex:129: LaTeX Error: Unicode character 间 (U+95F4)
               not set up for use with LaTeX.

See the LaTeX manual or LaTeX Companion for explanation.
Type  H <return>  for immediate help.
 ...                                              
                                                  
l.129 \begin{longtable}
                       []{@{}ll@{}}
You may provide a definition with
\DeclareUnicodeCharacter 


d:/note/md/8-试卷/00-高考/2022/新高考Ⅰ/数学.tex:129: LaTeX Error: Unicode character 的 (U+7684)
               not set up for use with LaTeX.

See the LaTeX manual or LaTeX Companion for explanation.
Type  H <return>  for immediate help.
 ...                                              
                                                  
l.129 \begin{longtable}
                       []{@{}ll@{}}
You may provide a definition with
\DeclareUnicodeCharacter 


d:/note/md/8-试卷/00-高考/2022/新高考Ⅰ/数学.tex:129: LaTeX Error: Unicode character 形 (U+5F62)
               not set up for use with LaTeX.

See the LaTeX manual or LaTeX Companion for explanation.
Type  H <return>  for immediate help.
 ...                                              
                                                  
l.129 \begin{longtable}
                       []{@{}ll@{}}
You may provide a definition with
\DeclareUnicodeCharacter 


d:/note/md/8-试卷/00-高考/2022/新高考Ⅰ/数学.tex:129: LaTeX Error: Unicode character 状 (U+72B6)
               not set up for use with LaTeX.

See the LaTeX manual or LaTeX Companion for explanation.
Type  H <return>  for immediate help.
 ...                                              
                                                  
l.129 \begin{longtable}
                       []{@{}ll@{}}
You may provide a definition with
\DeclareUnicodeCharacter 


d:/note/md/8-试卷/00-高考/2022/新高考Ⅰ/数学.tex:129: LaTeX Error: Unicode character 看 (U+770B)
               not set up for use with LaTeX.

See the LaTeX manual or LaTeX Companion for explanation.
Type  H <return>  for immediate help.
 ...                                              
                                                  
l.129 \begin{longtable}
                       []{@{}ll@{}}
You may provide a definition with
\DeclareUnicodeCharacter 


d:/note/md/8-试卷/00-高考/2022/新高考Ⅰ/数学.tex:129: LaTeX Error: Unicode character 作 (U+4F5C)
               not set up for use with LaTeX.

See the LaTeX manual or LaTeX Companion for explanation.
Type  H <return>  for immediate help.
 ...                                              
                                                  
l.129 \begin{longtable}
                       []{@{}ll@{}}
You may provide a definition with
\DeclareUnicodeCharacter 


d:/note/md/8-试卷/00-高考/2022/新高考Ⅰ/数学.tex:129: LaTeX Error: Unicode character 一 (U+4E00)
               not set up for use with LaTeX.

See the LaTeX manual or LaTeX Companion for explanation.
Type  H <return>  for immediate help.
 ...                                              
                                                  
l.129 \begin{longtable}
                       []{@{}ll@{}}
You may provide a definition with
\DeclareUnicodeCharacter 


d:/note/md/8-试卷/00-高考/2022/新高考Ⅰ/数学.tex:129: LaTeX Error: Unicode character 个 (U+4E2A)
               not set up for use with LaTeX.

See the LaTeX manual or LaTeX Companion for explanation.
Type  H <return>  for immediate help.
 ...                                              
                                                  
l.129 \begin{longtable}
                       []{@{}ll@{}}
You may provide a definition with
\DeclareUnicodeCharacter 


d:/note/md/8-试卷/00-高考/2022/新高考Ⅰ/数学.tex:129: LaTeX Error: Unicode character 棱 (U+68F1)
               not set up for use with LaTeX.

See the LaTeX manual or LaTeX Companion for explanation.
Type  H <return>  for immediate help.
 ...                                              
                                                  
l.129 \begin{longtable}
                       []{@{}ll@{}}
You may provide a definition with
\DeclareUnicodeCharacter 


d:/note/md/8-试卷/00-高考/2022/新高考Ⅰ/数学.tex:129: LaTeX Error: Unicode character 台 (U+53F0)
               not set up for use with LaTeX.

See the LaTeX manual or LaTeX Companion for explanation.
Type  H <return>  for immediate help.
 ...                                              
                                                  
l.129 \begin{longtable}
                       []{@{}ll@{}}
You may provide a definition with
\DeclareUnicodeCharacter 


d:/note/md/8-试卷/00-高考/2022/新高考Ⅰ/数学.tex:129: LaTeX Error: Unicode character 则 (U+5219)
               not set up for use with LaTeX.

See the LaTeX manual or LaTeX Companion for explanation.
Type  H <return>  for immediate help.
 ...                                              
                                                  
l.129 \begin{longtable}
                       []{@{}ll@{}}
You may provide a definition with
\DeclareUnicodeCharacter 


d:/note/md/8-试卷/00-高考/2022/新高考Ⅰ/数学.tex:129: LaTeX Error: Unicode character 该 (U+8BE5)
               not set up for use with LaTeX.

See the LaTeX manual or LaTeX Companion for explanation.
Type  H <return>  for immediate help.
 ...                                              
                                                  
l.129 \begin{longtable}
                       []{@{}ll@{}}
You may provide a definition with
\DeclareUnicodeCharacter 


d:/note/md/8-试卷/00-高考/2022/新高考Ⅰ/数学.tex:129: LaTeX Error: Unicode character 水 (U+6C34)
               not set up for use with LaTeX.

See the LaTeX manual or LaTeX Companion for explanation.
Type  H <return>  for immediate help.
 ...                                              
                                                  
l.129 \begin{longtable}
                       []{@{}ll@{}}
You may provide a definition with
\DeclareUnicodeCharacter 


d:/note/md/8-试卷/00-高考/2022/新高考Ⅰ/数学.tex:129: LaTeX Error: Unicode character 库 (U+5E93)
               not set up for use with LaTeX.

See the LaTeX manual or LaTeX Companion for explanation.
Type  H <return>  for immediate help.
 ...                                              
                                                  
l.129 \begin{longtable}
                       []{@{}ll@{}}
You may provide a definition with
\DeclareUnicodeCharacter 


d:/note/md/8-试卷/00-高考/2022/新高考Ⅰ/数学.tex:129: LaTeX Error: Unicode character 水 (U+6C34)
               not set up for use with LaTeX.

See the LaTeX manual or LaTeX Companion for explanation.
Type  H <return>  for immediate help.
 ...                                              
                                                  
l.129 \begin{longtable}
                       []{@{}ll@{}}
You may provide a definition with
\DeclareUnicodeCharacter 


d:/note/md/8-试卷/00-高考/2022/新高考Ⅰ/数学.tex:129: LaTeX Error: Unicode character 位 (U+4F4D)
               not set up for use with LaTeX.

See the LaTeX manual or LaTeX Companion for explanation.
Type  H <return>  for immediate help.
 ...                                              
                                                  
l.129 \begin{longtable}
                       []{@{}ll@{}}
You may provide a definition with
\DeclareUnicodeCharacter 


d:/note/md/8-试卷/00-高考/2022/新高考Ⅰ/数学.tex:129: LaTeX Error: Unicode character 从 (U+4ECE)
               not set up for use with LaTeX.

See the LaTeX manual or LaTeX Companion for explanation.
Type  H <return>  for immediate help.
 ...                                              
                                                  
l.129 \begin{longtable}
                       []{@{}ll@{}}
You may provide a definition with
\DeclareUnicodeCharacter 


d:/note/md/8-试卷/00-高考/2022/新高考Ⅰ/数学.tex:129: LaTeX Error: Unicode character 海 (U+6D77)
               not set up for use with LaTeX.

See the LaTeX manual or LaTeX Companion for explanation.
Type  H <return>  for immediate help.
 ...                                              
                                                  
l.129 \begin{longtable}
                       []{@{}ll@{}}
You may provide a definition with
\DeclareUnicodeCharacter 


d:/note/md/8-试卷/00-高考/2022/新高考Ⅰ/数学.tex:129: LaTeX Error: Unicode character 拔 (U+62D4)
               not set up for use with LaTeX.

See the LaTeX manual or LaTeX Companion for explanation.
Type  H <return>  for immediate help.
 ...                                              
                                                  
l.129 \begin{longtable}
                       []{@{}ll@{}}
(That makes 100 errors; please try again.) 
Here is how much of TeX's memory you used:
 13062 strings out of 478268
 205893 string characters out of 5850345
 525684 words of memory out of 5000000
 31023 multiletter control sequences out of 15000+600000
 505979 words of font info for 77 fonts, out of 8000000 for 9000
 1141 hyphenation exceptions out of 8191
 74i,9n,77p,1754b,327s stack positions out of 10000i,1000n,20000p,200000b,200000s

d:/note/md/8-试卷/00-高考/2022/新高考Ⅰ/数学.tex:129:  ==> Fatal error occurred, no output PDF file produced!
